<?xml version="1.0" encoding="UTF-8"?>
<testng-results skipped="0" failed="0" ignored="0" total="1" passed="1">
  <reporter-output>
  </reporter-output>
  <suite name="Default suite" duration-ms="17961" started-at="2019-05-22T09:46:14Z" finished-at="2019-05-22T09:46:32Z">
    <groups>
    </groups>
    <test name="Default test" duration-ms="17961" started-at="2019-05-22T09:46:14Z" finished-at="2019-05-22T09:46:32Z">
      <class name="com.sanjeev.qa.test.LoginTest">
        <test-method status="PASS" signature="testLogin()[pri:0, instance:com.sanjeev.qa.test.LoginTest@1794d431]" name="testLogin" duration-ms="17799" started-at="2019-05-22T09:46:14Z" finished-at="2019-05-22T09:46:31Z">
          <reporter-output>
          </reporter-output>
        </test-method> <!-- testLogin -->
      </class> <!-- com.sanjeev.qa.test.LoginTest -->
    </test> <!-- Default test -->
  </suite> <!-- Default suite -->
</testng-results>
