<?xml version="1.0" encoding="UTF-8"?>
<!-- Generated by org.testng.reporters.JUnitXMLReporter -->
<testsuite hostname="Sanjeevas-MacBook-Air.local" ignored="0" name="Test1" tests="3" failures="0" timestamp="10 May 2019 16:16:10 GMT" time="0.066" errors="0">
  <testcase name="testFive" time="0.006" classname="com.sanjeev.Framework.TestNg2"/>
  <testcase name="testFour" time="0.008" classname="com.sanjeev.Framework.TestNg2"/>
  <testcase name="testSIx" time="0.007" classname="com.sanjeev.Framework.TestNg2"/>
</testsuite> <!-- Test1 -->
