<?xml version="1.0" encoding="UTF-8"?>
<!-- Generated by org.testng.reporters.JUnitXMLReporter -->
<testsuite hostname="Sanjeevas-MacBook-Air.local" ignored="0" name="Test" tests="3" failures="0" timestamp="10 May 2019 16:16:10 GMT" time="0.292" errors="0">
  <testcase name="testOne" time="0.053" classname="com.sanjeev.Framework.TestNg"/>
  <testcase name="testThree" time="0.083" classname="com.sanjeev.Framework.TestNg"/>
  <testcase name="testTwo" time="0.013" classname="com.sanjeev.Framework.TestNg"/>
</testsuite> <!-- Test -->
